app/build/intermediates/manifest_merge_blame_file/debug/manifest-merger-blame-debug-report.txt
1<?xml version="1.0" encoding="utf-8"?>
2<manifest xmlns:android="http://schemas.android.com/apk/res/android"
3    package="com.example.aa"
4    android:versionCode="1"
5    android:versionName="1.0" >
6
7    <uses-sdk
8        android:minSdkVersion="24"
8-->src\main\AndroidManifest.xml
9        android:targetSdkVersion="33" />
9-->src\main\AndroidManifest.xml
10
11    <permission
11-->[androidx.core:core:1.9.0] AndroidManifest.xml:22:5-24:47
12        android:name="com.example.aa.DYNAMIC_RECEIVER_NOT_EXPORTED_PERMISSION"
12-->[androidx.core:core:1.9.0] AndroidManifest.xml:23:9-81
13        android:protectionLevel="signature" />
13-->[androidx.core:core:1.9.0] AndroidManifest.xml:24:9-44
14
15    <uses-permission android:name="com.example.aa.DYNAMIC_RECEIVER_NOT_EXPORTED_PERMISSION" />
15-->[androidx.core:core:1.9.0] AndroidManifest.xml:26:5-97
15-->[androidx.core:core:1.9.0] AndroidManifest.xml:26:22-94
16
17    <application
17-->src\main\AndroidManifest.xml:5:5-41:19
18        android:allowBackup="true"
18-->src\main\AndroidManifest.xml:6:9-35
19        android:appComponentFactory="androidx.core.app.CoreComponentFactory"
19-->[androidx.core:core:1.9.0] AndroidManifest.xml:28:18-86
20        android:dataExtractionRules="@xml/data_extraction_rules"
20-->src\main\AndroidManifest.xml:7:9-65
21        android:debuggable="true"
22        android:extractNativeLibs="false"
23        android:fullBackupContent="@xml/backup_rules"
23-->src\main\AndroidManifest.xml:8:9-54
24        android:icon="@mipmap/ic_launcher"
24-->src\main\AndroidManifest.xml:9:9-43
25        android:label="@string/app_name"
25-->src\main\AndroidManifest.xml:10:9-41
26        android:roundIcon="@mipmap/ic_launcher_round"
26-->src\main\AndroidManifest.xml:11:9-54
27        android:supportsRtl="true"
27-->src\main\AndroidManifest.xml:12:9-35
28        android:testOnly="true"
29        android:theme="@style/Theme.Aa" >
29-->src\main\AndroidManifest.xml:13:9-40
30        <activity
30-->src\main\AndroidManifest.xml:15:9-17:40
31            android:name="com.example.aa.ui.perfil.ActualizarDatos"
31-->src\main\AndroidManifest.xml:16:13-54
32            android:exported="false" />
32-->src\main\AndroidManifest.xml:17:13-37
33        <activity
33-->src\main\AndroidManifest.xml:18:9-22:59
34            android:name="com.example.aa.NavDrawerActivity"
34-->src\main\AndroidManifest.xml:19:13-46
35            android:exported="false"
35-->src\main\AndroidManifest.xml:20:13-37
36            android:label="@string/title_activity_nav_drawer"
36-->src\main\AndroidManifest.xml:21:13-62
37            android:theme="@style/Theme.Aa.NoActionBar" />
37-->src\main\AndroidManifest.xml:22:13-56
38        <activity
38-->src\main\AndroidManifest.xml:23:9-25:40
39            android:name="com.example.aa.EspMedicas"
39-->src\main\AndroidManifest.xml:24:13-39
40            android:exported="false" />
40-->src\main\AndroidManifest.xml:25:13-37
41        <activity
41-->src\main\AndroidManifest.xml:26:9-28:40
42            android:name="com.example.aa.InicioSesion"
42-->src\main\AndroidManifest.xml:27:13-41
43            android:exported="false" />
43-->src\main\AndroidManifest.xml:28:13-37
44        <activity
44-->src\main\AndroidManifest.xml:29:9-31:40
45            android:name="com.example.aa.Registroo"
45-->src\main\AndroidManifest.xml:30:13-38
46            android:exported="false" />
46-->src\main\AndroidManifest.xml:31:13-37
47        <activity
47-->src\main\AndroidManifest.xml:32:9-40:20
48            android:name="com.example.aa.MainActivity"
48-->src\main\AndroidManifest.xml:33:13-41
49            android:exported="true" >
49-->src\main\AndroidManifest.xml:34:13-36
50            <intent-filter>
50-->src\main\AndroidManifest.xml:35:13-39:29
51                <action android:name="android.intent.action.MAIN" />
51-->src\main\AndroidManifest.xml:36:17-69
51-->src\main\AndroidManifest.xml:36:25-66
52
53                <category android:name="android.intent.category.LAUNCHER" />
53-->src\main\AndroidManifest.xml:38:17-77
53-->src\main\AndroidManifest.xml:38:27-74
54            </intent-filter>
55        </activity>
56
57        <provider
57-->[androidx.emoji2:emoji2:1.2.0] AndroidManifest.xml:24:9-32:20
58            android:name="androidx.startup.InitializationProvider"
58-->[androidx.emoji2:emoji2:1.2.0] AndroidManifest.xml:25:13-67
59            android:authorities="com.example.aa.androidx-startup"
59-->[androidx.emoji2:emoji2:1.2.0] AndroidManifest.xml:26:13-68
60            android:exported="false" >
60-->[androidx.emoji2:emoji2:1.2.0] AndroidManifest.xml:27:13-37
61            <meta-data
61-->[androidx.emoji2:emoji2:1.2.0] AndroidManifest.xml:29:13-31:52
62                android:name="androidx.emoji2.text.EmojiCompatInitializer"
62-->[androidx.emoji2:emoji2:1.2.0] AndroidManifest.xml:30:17-75
63                android:value="androidx.startup" />
63-->[androidx.emoji2:emoji2:1.2.0] AndroidManifest.xml:31:17-49
64            <meta-data
64-->[androidx.lifecycle:lifecycle-process:2.4.1] AndroidManifest.xml:31:13-33:52
65                android:name="androidx.lifecycle.ProcessLifecycleInitializer"
65-->[androidx.lifecycle:lifecycle-process:2.4.1] AndroidManifest.xml:32:17-78
66                android:value="androidx.startup" />
66-->[androidx.lifecycle:lifecycle-process:2.4.1] AndroidManifest.xml:33:17-49
67        </provider>
68
69        <uses-library
69-->[androidx.window:window:1.0.0] AndroidManifest.xml:25:9-27:40
70            android:name="androidx.window.extensions"
70-->[androidx.window:window:1.0.0] AndroidManifest.xml:26:13-54
71            android:required="false" />
71-->[androidx.window:window:1.0.0] AndroidManifest.xml:27:13-37
72        <uses-library
72-->[androidx.window:window:1.0.0] AndroidManifest.xml:28:9-30:40
73            android:name="androidx.window.sidecar"
73-->[androidx.window:window:1.0.0] AndroidManifest.xml:29:13-51
74            android:required="false" />
74-->[androidx.window:window:1.0.0] AndroidManifest.xml:30:13-37
75    </application>
76
77</manifest>